<?xml version="1.0" encoding="UTF-8"?>
<!-- Generated by org.testng.reporters.JUnitXMLReporter -->
<testsuite ignored="2" hostname="LAPTOP-T7PI7EN2" failures="0" tests="3" name="AdminTest" time="0.064" errors="0" timestamp="2024-09-02T08:17:27 IST">
  <testcase classname="core.Page" name="@BeforeTest beforeTest" time="0.01">
    <skipped/>
  </testcase> <!-- @BeforeTest beforeTest -->
  <testcase classname="core.Page" name="@AfterTest afterTest" time="-1.72524524754E9">
    <skipped/>
  </testcase> <!-- @AfterTest afterTest -->
  <testcase classname="testcases.Login" name="chkuserid" time="0.0">
    <skipped/>
  </testcase> <!-- chkuserid -->
  <testcase classname="testcases.Login" name="chkpassword" time="0.0">
    <skipped/>
  </testcase> <!-- chkpassword -->
  <testcase classname="testcases.Shop" name="searchProducts" time="0.0">
    <skipped/>
  </testcase> <!-- searchProducts -->
  <testcase classname="core.Page" name="@BeforeTest beforeTest" time="0.0">
    <ignored/>
  </testcase> <!-- @BeforeTest beforeTest -->
  <testcase classname="core.Page" name="@AfterTest afterTest" time="0.0">
    <ignored/>
  </testcase> <!-- @AfterTest afterTest -->
</testsuite> <!-- AdminTest -->
